2019.05.13 19:26:55
Имя: значение не указано
Телефон: 103
Адрес страницы: http://lp2.local/

2019.05.13 19:36:48
Имя: значение не указано
Телефон: 103
Адрес страницы: http://lp2.local/

2019.05.13 19:38:31
Имя: значение не указано
Телефон: 103
Адрес страницы: http://lp2.local/

2019.05.13 19:43:27
Имя: тест
Телефон: 103
Дополнительная информация: Услуга 4
Адрес страницы: http://lp2.local/

2019.05.13 19:59:50
Имя: значение не указано
Телефон: 103
Почта: значение не указано
Сообщение: значение не указано
Адрес страницы: http://lp2.local/

2019.05.13 20:00:34
Имя: значение не указано
Телефон: 103
Почта: значение не указано
Сообщение: значение не указано
Адрес страницы: http://lp2.local/

2019.05.13 20:23:12
Имя: weqerqer
Телефон: werwer
Почта: значение не указано
Сообщение: значение не указано
Адрес страницы: http://lp2.local/

2019.05.13 20:27:33
Имя111: значение не указано
Телефон: 65465456
Почта: значение не указано
Сообщение: значение не указано
Адрес страницы: http://lp2.local/

2019.05.20 15:33:49
Имя: asd
Телефон: +375445018814
Почта: vkl@mail.ru
Сообщение: weafsdrgv
Адрес страницы: http://lp20test/

2019.05.20 15:47:01
Имя: asd
Телефон: +375445018814
Почта: vkl@mail.ru
Сообщение: rghesth
Адрес страницы: http://lp1.local/

2019.05.20 15:49:09
Имя: asdasd
Телефон: +375445018814
Почта: vkl@mail.ru
Сообщение: rgserg
Адрес страницы: http://lp1.local/

2019.05.20 15:54:37
Имя: значение не указано
Телефон: +375445018811
Почта: значение не указано
Сообщение: значение не указано
Адрес страницы: http://lp1.local/

2019.05.20 16:43:27
Имя: dgvdv
Почта: vkl@mail.ru
Сообщение: vsdgbdzx
Адрес страницы: http://lp1.local/

